<?xml version="1.0" encoding="UTF-8"?>
<testng-results ignored="0" total="1" passed="1" failed="0" skipped="0">
  <reporter-output>
    <line>
      <![CDATA[Login Fail]]>
    </line>
    <line>
      <![CDATA[Pass]]>
    </line>
    <line>
      <![CDATA[Login Fail]]>
    </line>
    <line>
      <![CDATA[Data verified]]>
    </line>
    <line>
      <![CDATA[Employee added successfully7571  7571]]>
    </line>
    <line>
      <![CDATA[Pass]]>
    </line>
  </reporter-output>
  <suite started-at="2022-12-29T21:57:18 IST" name="Default suite" finished-at="2022-12-29T21:57:57 IST" duration-ms="39357">
    <groups>
    </groups>
    <test started-at="2022-12-29T21:57:18 IST" name="Default test" finished-at="2022-12-29T21:57:57 IST" duration-ms="39357">
      <class name="DriverFactory.DriverScript">
        <test-method is-config="true" signature="setUp()[pri:0, instance:DriverFactory.DriverScript@2eae8e6e]" started-at="2022-12-29T21:57:18 IST" name="setUp" finished-at="2022-12-29T21:57:24 IST" duration-ms="5768" status="PASS">
          <reporter-output>
          </reporter-output>
        </test-method> <!-- setUp -->
        <test-method signature="startTest()[pri:0, instance:DriverFactory.DriverScript@2eae8e6e]" started-at="2022-12-29T21:57:24 IST" name="startTest" finished-at="2022-12-29T21:57:57 IST" duration-ms="33126" status="PASS">
          <reporter-output>
            <line>
              <![CDATA[Login Fail]]>
            </line>
            <line>
              <![CDATA[Pass]]>
            </line>
            <line>
              <![CDATA[Login Fail]]>
            </line>
            <line>
              <![CDATA[Data verified]]>
            </line>
            <line>
              <![CDATA[Employee added successfully7571  7571]]>
            </line>
            <line>
              <![CDATA[Pass]]>
            </line>
          </reporter-output>
        </test-method> <!-- startTest -->
        <test-method is-config="true" signature="tierDown()[pri:0, instance:DriverFactory.DriverScript@2eae8e6e]" started-at="2022-12-29T21:57:57 IST" name="tierDown" finished-at="2022-12-29T21:57:57 IST" duration-ms="375" status="PASS">
          <reporter-output>
          </reporter-output>
        </test-method> <!-- tierDown -->
      </class> <!-- DriverFactory.DriverScript -->
    </test> <!-- Default test -->
  </suite> <!-- Default suite -->
</testng-results>
